\BOOKMARK [-1][-]{part.1}{\376\377\000M\000e\000a\000n\000-\000F\000i\000e\000l\000d\000-\000T\000h\000e\000o\000r\000y\000\040\000a\000n\000a\000l\000y\000s\000i\000s}{}% 1
\BOOKMARK [0][-]{chapter.1}{\376\377\000A\000n\000t\000i\000-\000F\000e\000r\000r\000o\000m\000a\000g\000n\000e\000t\000i\000c\000\040\000i\000n\000s\000t\000a\000b\000i\000l\000i\000t\000y}{part.1}% 2
\BOOKMARK [1][-]{section.1.1}{\376\377\000S\000y\000m\000m\000e\000t\000r\000y\000\040\000c\000o\000n\000s\000i\000d\000e\000r\000a\000t\000i\000o\000n\000s\000\040\000f\000o\000r\000\040\000t\000h\000e\000\040\000A\000F\000\040\000p\000h\000a\000s\000e}{chapter.1}% 3
\BOOKMARK [1][-]{section.1.2}{\376\377\000A\000n\000t\000i\000f\000e\000r\000r\000o\000m\000a\000g\000n\000e\000t\000i\000s\000m\000\040\000i\000n\000\040\000t\000h\000e\000\040\000c\000o\000n\000v\000e\000n\000t\000i\000o\000n\000a\000l\000\040\000H\000u\000b\000b\000a\000r\000d\000\040\000m\000o\000d\000e\000l}{chapter.1}% 4
\BOOKMARK [1][-]{section.1.3}{\376\377\000E\000H\000M\000\040\000m\000o\000d\000e\000l\000\040\000a\000n\000d\000\040\000a\000n\000t\000i\000f\000e\000r\000r\000o\000m\000a\000g\000n\000e\000t\000i\000c\000\040\000o\000r\000d\000e\000r\000i\000n\000g}{chapter.1}% 5
\BOOKMARK [2][-]{subsection.1.3.1}{\376\377\000H\000a\000r\000t\000r\000e\000e\000\040\000r\000e\000n\000o\000r\000m\000a\000l\000i\000z\000a\000t\000i\000o\000n\000\040\000o\000f\000\040\000c\000h\000e\000m\000i\000c\000a\000l\000\040\000p\000o\000t\000e\000n\000t\000i\000a\000l\000\040\000a\000n\000d\000\040\000g\000a\000p}{section.1.3}% 6
\BOOKMARK [2][-]{subsection.1.3.2}{\376\377\000F\000o\000c\000k\000\040\000r\000e\000n\000o\000r\000m\000a\000l\000i\000z\000a\000t\000i\000o\000n\000\040\000o\000f\000\040\000t\000h\000e\000\040\000h\000o\000p\000p\000i\000n\000g\000\040\000a\000m\000p\000l\000i\000t\000u\000d\000e}{section.1.3}% 7
\BOOKMARK [2][-]{subsection.1.3.3}{\376\377\000R\000e\000n\000o\000r\000m\000a\000l\000i\000z\000e\000d\000\040\000h\000a\000m\000i\000l\000t\000o\000n\000i\000a\000n\000\040\000b\000e\000h\000a\000v\000i\000o\000r}{section.1.3}% 8
\BOOKMARK [1][-]{section.1.4}{\376\377\000S\000t\000a\000b\000i\000l\000i\000t\000y\000\040\000o\000f\000\040\000t\000h\000e\000\040\000A\000F\000\040\000p\000h\000a\000s\000e}{chapter.1}% 9
\BOOKMARK [1][-]{section.1.5}{\376\377\000H\000F\000\040\000a\000l\000g\000o\000r\000i\000t\000h\000m\000,\000\040\000c\000o\000m\000p\000u\000t\000a\000t\000i\000o\000n\000a\000l\000\040\000s\000t\000r\000a\000t\000e\000g\000y\000\040\000a\000n\000d\000\040\000r\000e\000s\000u\000l\000t\000s}{chapter.1}% 10
\BOOKMARK [2][-]{subsection.1.5.1}{\376\377\000P\000r\000e\000l\000i\000m\000i\000n\000a\000r\000y\000\040\000s\000y\000m\000m\000e\000t\000r\000y\000\040\000c\000o\000n\000s\000i\000d\000e\000r\000a\000t\000i\000o\000n\000s}{section.1.5}% 11
\BOOKMARK [2][-]{subsection.1.5.2}{\376\377\000R\000e\000s\000u\000l\000t\000s\000\040\000o\000f\000\040\000t\000h\000e\000\040\000H\000F\000\040\000a\000l\000g\000o\000r\000i\000t\000h\000m\000\040\000a\000t\000\040\000g\000e\000n\000e\000r\000i\000c\000\040\000d\000o\000p\000i\000n\000g}{section.1.5}% 12
\BOOKMARK [2][-]{subsection.1.5.3}{\376\377\000R\000o\000l\000e\000\040\000o\000f\000\040\000h\000o\000p\000p\000i\000n\000g\000\040\000r\000e\000n\000o\000r\000m\000a\000l\000i\000z\000a\000t\000i\000o\000n\000:\000\040\000s\000w\000i\000t\000c\000h\000i\000n\000g\000\040\000o\000f\000f\000\040\000w\000\050\0000\000\051}{section.1.5}% 13
\BOOKMARK [0][-]{chapter.2}{\376\377\000S\000u\000p\000e\000r\000c\000o\000n\000d\000u\000c\000t\000i\000n\000g\000\040\000i\000n\000s\000t\000a\000b\000i\000l\000i\000t\000y}{part.1}% 14
\BOOKMARK [1][-]{section.2.1}{\376\377\000C\000o\000o\000p\000e\000r\000\040\000f\000l\000u\000c\000t\000u\000a\000t\000i\000o\000n\000s\000\040\000i\000n\000\040\000t\000h\000e\000\040\000E\000H\000M}{chapter.2}% 15
\BOOKMARK [1][-]{section.2.2}{\376\377\000C\000o\000o\000p\000e\000r\000\040\000f\000l\000u\000c\000t\000u\000a\000t\000i\000o\000n\000s\000\040\000i\000n\000\040\000t\000h\000e\000\040\000o\000p\000p\000o\000s\000i\000t\000e\000-\000s\000p\000i\000n\000\040\000s\000e\000c\000t\000o\000r}{chapter.2}% 16
\BOOKMARK [2][-]{subsection.2.2.1}{\376\377\000F\000u\000l\000l\000\040\000g\000a\000p\000\040\000f\000u\000n\000c\000t\000i\000o\000n\000\040\000a\000n\000d\000\040\000s\000e\000l\000f\000-\000c\000o\000n\000s\000i\000s\000t\000e\000n\000c\000y\000\040\000e\000q\000u\000a\000t\000i\000o\000n\000s}{section.2.2}% 17
\BOOKMARK [2][-]{subsection.2.2.2}{\376\377\000N\000o\000n\000-\000l\000o\000c\000a\000l\000\040\000b\000a\000n\000d\000s\000\040\000r\000e\000n\000o\000r\000m\000a\000l\000i\000z\000a\000t\000i\000o\000n\000\040\000i\000n\000\040\000t\000h\000e\000\040\000s\000a\000m\000e\000-\000s\000p\000i\000n\000\040\000s\000e\000c\000t\000o\000r}{section.2.2}% 18
\BOOKMARK [1][-]{section.2.3}{\376\377\000S\000u\000p\000e\000r\000c\000o\000n\000d\000u\000c\000t\000i\000n\000g\000\040\000s\000o\000l\000u\000t\000i\000o\000n\000\040\000i\000n\000\040\000t\000h\000e\000\040\000N\000a\000m\000b\000u\000\040\000f\000o\000r\000m\000a\000l\000i\000s\000m}{chapter.2}% 19
\BOOKMARK [2][-]{subsection.2.3.1}{\376\377\000B\000o\000g\000o\000l\000i\000u\000b\000o\000v\000\040\000t\000r\000a\000n\000s\000f\000o\000r\000m\000\040\000a\000n\000d\000\040\000p\000s\000e\000u\000d\000o\000s\000p\000i\000n\000s\000\040\000p\000i\000c\000t\000u\000r\000e}{section.2.3}% 20
\BOOKMARK [2][-]{subsection.2.3.2}{\376\377\000B\000C\000S\000\040\000g\000r\000o\000u\000n\000d\000\040\000s\000t\000a\000t\000e\000\040\000p\000r\000o\000p\000e\000r\000t\000i\000e\000s}{section.2.3}% 21
\BOOKMARK [2][-]{subsection.2.3.3}{\376\377\000R\000e\000n\000o\000r\000m\000a\000l\000i\000z\000a\000t\000i\000o\000n\000\040\000o\000f\000\040\000t\000h\000e\000\040\000b\000a\000r\000e\000\040\000b\000a\000n\000d\000s}{section.2.3}% 22
\BOOKMARK [2][-]{subsection.2.3.4}{\376\377\000G\000r\000o\000u\000n\000d\000\040\000s\000t\000a\000t\000e\000\040\000e\000n\000e\000r\000g\000y\000\040\000a\000n\000d\000\040\000B\000C\000S\000\040\000c\000o\000n\000d\000e\000n\000s\000a\000t\000i\000o\000n}{section.2.3}% 23
\BOOKMARK [1][-]{section.2.4}{\376\377\000R\000e\000s\000u\000l\000t\000s\000\040\000o\000f\000\040\000t\000h\000e\000\040\000H\000F\000\040\000a\000l\000g\000o\000r\000i\000h\000t\000m}{chapter.2}% 24
\BOOKMARK [0][-]{appendix.A}{\376\377\000M\000e\000a\000n\000-\000F\000i\000e\000l\000d\000\040\000T\000h\000e\000o\000r\000y\000\040\000i\000n\000\040\000H\000u\000b\000b\000a\000r\000d\000\040\000l\000a\000t\000t\000i\000c\000e\000s}{part.1}% 25
\BOOKMARK [1][-]{section.A.1}{\376\377\000S\000y\000m\000m\000e\000t\000r\000i\000e\000s\000\040\000o\000f\000\040\000t\000h\000e\000\040\000H\000u\000b\000b\000a\000r\000d\000\040\000m\000o\000d\000e\000l\000\040\000a\000n\000d\000\040\000m\000a\000g\000n\000e\000t\000i\000c\000\040\000p\000h\000a\000s\000e\000\040\000t\000r\000a\000n\000s\000i\000t\000i\000o\000n\000s}{appendix.A}% 26
\BOOKMARK [1][-]{section.A.2}{\376\377\000F\000e\000r\000r\000o\000m\000a\000g\000n\000e\000t\000i\000c\000\040\000p\000h\000a\000s\000e}{appendix.A}% 27
\BOOKMARK [1][-]{section.A.3}{\376\377\000A\000n\000t\000i\000f\000e\000r\000r\000o\000m\000a\000g\000n\000e\000t\000i\000c\000\040\000p\000h\000a\000s\000e}{appendix.A}% 28
\BOOKMARK [2][-]{subsection.A.3.1}{\376\377\000M\000F\000T\000\040\000d\000i\000s\000c\000u\000s\000s\000i\000o\000n}{section.A.3}% 29
\BOOKMARK [2][-]{subsection.A.3.2}{\376\377\000D\000i\000a\000g\000o\000n\000a\000l\000i\000z\000a\000t\000i\000o\000n\000\040\000a\000n\000d\000\040\000A\000F\000\040\000g\000r\000o\000u\000n\000d\000\040\000s\000t\000a\000t\000e}{section.A.3}% 30
\BOOKMARK [2][-]{subsection.A.3.3}{\376\377\000C\000h\000e\000m\000i\000c\000a\000l\000\040\000p\000o\000t\000e\000n\000t\000i\000a\000l\000\040\000a\000n\000d\000\040\000s\000y\000s\000t\000e\000m\000\040\000d\000e\000n\000s\000i\000t\000y}{section.A.3}% 31
\BOOKMARK [2][-]{subsection.A.3.4}{\376\377\000S\000e\000l\000f\000-\000c\000o\000n\000s\000i\000s\000t\000e\000n\000t\000\040\000m\000a\000g\000n\000e\000t\000i\000z\000a\000t\000i\000o\000n}{section.A.3}% 32
\BOOKMARK [2][-]{subsection.A.3.5}{\376\377\000T\000h\000e\000\040\000h\000a\000l\000f\000-\000f\000i\000l\000l\000e\000d\000\040\000c\000a\000s\000e}{section.A.3}% 33
\BOOKMARK [2][-]{subsection.A.3.6}{\376\377\000I\000n\000s\000t\000a\000b\000i\000l\000i\000t\000y\000\040\000o\000f\000\040\000t\000h\000e\000\040\000c\000o\000m\000m\000e\000n\000s\000u\000r\000a\000t\000e\000\040\000A\000F\000\040\000s\000o\000l\000u\000t\000i\000o\000n\000\040\000a\000n\000d\000\040\000a\000t\000y\000p\000i\000c\000a\000l\000\040\000m\000e\000t\000a\000l\000l\000i\000c\000\040\000b\000a\000n\000d\000s}{section.A.3}% 34
\BOOKMARK [2][-]{subsection.A.3.7}{\376\377\000H\000a\000r\000t\000r\000e\000e\000-\000F\000o\000c\000k\000\040\000a\000l\000g\000o\000r\000i\000t\000h\000m\000\040\000r\000e\000s\000u\000l\000t\000s\000\040\000i\000n\000\040\000r\000e\000c\000i\000p\000r\000o\000c\000a\000l\000\040\000s\000p\000a\000c\000e}{section.A.3}% 35
\BOOKMARK [2][-]{subsection.A.3.8}{\376\377\000A\000n\000\040\000a\000l\000t\000e\000r\000n\000a\000t\000i\000v\000e\000\040\000\050\000l\000e\000s\000s\000\040\000e\000f\000f\000i\000c\000i\000e\000n\000t\000\051\000\040\000r\000e\000a\000l\000-\000s\000p\000a\000c\000e\000\040\000a\000p\000p\000r\000o\000a\000c\000h}{section.A.3}% 36
\BOOKMARK [1][-]{section.A.4}{\376\377\000\050\000I\000m\000p\000o\000s\000s\000i\000b\000i\000l\000i\000t\000y\000\040\000o\000f\000\051\000\040\000B\000C\000S\000-\000l\000i\000k\000e\000\040\000s\000u\000p\000e\000r\000c\000o\000n\000d\000u\000c\000t\000i\000n\000g\000\040\000p\000h\000a\000s\000e}{appendix.A}% 37
